This is pdfTeX, Version 3.141592653-2.6-1.40.23 (TeX Live 2021/Arch Linux) (preloaded format=pdflatex 2022.3.20)  26 MAR 2022 22:52
entering extended mode
 restricted \write18 enabled.
 %&-line parsing enabled.
**./dataspec.tex
(./dataspec.tex
LaTeX2e <2021-11-15> patch level 1
L3 programming layer <2021-11-22>
(/usr/share/texmf-dist/tex/latex/base/article.cls
Document Class: article 2021/10/04 v1.4n Standard LaTeX document class
(/usr/share/texmf-dist/tex/latex/base/size10.clo
File: size10.clo 2021/10/04 v1.4n Standard LaTeX file (size option)
)
\c@part=\count183
\c@section=\count184
\c@subsection=\count185
\c@subsubsection=\count186
\c@paragraph=\count187
\c@subparagraph=\count188
\c@figure=\count189
\c@table=\count190
\abovecaptionskip=\skip47
\belowcaptionskip=\skip48
\bibindent=\dimen138
)
(/usr/share/texmf-dist/tex/latex/blindtext/blindtext.sty
Package: blindtext 2012/01/06 V2.0 blindtext-Package

(/usr/share/texmf-dist/tex/latex/tools/xspace.sty
Package: xspace 2014/10/28 v1.13 Space after command names (DPC,MH)
)
\c@blindtext=\count191
\c@Blindtext=\count192
\c@blind@countparstart=\count193
\blind@countxx=\count194
\blindtext@numBlindtext=\count195
\blind@countyy=\count196
\c@blindlist=\count197
\c@blindlistlevel=\count198
\c@blindlist@level=\count199
\blind@listitem=\count266
\c@blind@listcount=\count267
\c@blind@levelcount=\count268
\blind@mathformula=\count269
\blind@Mathformula=\count270
\c@blind@randomcount=\count271
\c@blind@randommax=\count272
\c@blind@pangramcount=\count273
\c@blind@pangrammax=\count274
)
(/usr/share/texmf-dist/tex/latex/graphics/graphicx.sty
Package: graphicx 2021/09/16 v1.2d Enhanced LaTeX Graphics (DPC,SPQR)

(/usr/share/texmf-dist/tex/latex/graphics/keyval.sty
Package: keyval 2014/10/28 v1.15 key=value parser (DPC)
\KV@toks@=\toks16
)
(/usr/share/texmf-dist/tex/latex/graphics/graphics.sty
Package: graphics 2021/03/04 v1.4d Standard LaTeX Graphics (DPC,SPQR)

(/usr/share/texmf-dist/tex/latex/graphics/trig.sty
Package: trig 2021/08/11 v1.11 sin cos tan (DPC)
)
(/usr/share/texmf-dist/tex/latex/graphics-cfg/graphics.cfg
File: graphics.cfg 2016/06/04 v1.11 sample graphics configuration
)
Package graphics Info: Driver file: pdftex.def on input line 107.

(/usr/share/texmf-dist/tex/latex/graphics-def/pdftex.def
File: pdftex.def 2020/10/05 v1.2a Graphics/color driver for pdftex
))
\Gin@req@height=\dimen139
\Gin@req@width=\dimen140
)
(/usr/share/texmf-dist/tex/latex/lipsum/lipsum.sty
(/usr/share/texmf-dist/tex/latex/l3packages/l3keys2e/l3keys2e.sty
(/usr/share/texmf-dist/tex/latex/l3kernel/expl3.sty
Package: expl3 2021-11-22 L3 programming layer (loader) 

(/usr/share/texmf-dist/tex/latex/l3backend/l3backend-pdftex.def
File: l3backend-pdftex.def 2021-12-14 L3 backend support: PDF output (pdfTeX)
\l__color_backend_stack_int=\count275
\l__pdf_internal_box=\box50
))
Package: l3keys2e 2021-11-12 LaTeX2e option processing using LaTeX3 keys
)
Package: lipsum 2021-09-20 v2.7 150 paragraphs of Lorem Ipsum dummy text
\g__lipsum_par_int=\count276
\l__lipsum_a_int=\count277
\l__lipsum_b_int=\count278

(/usr/share/texmf-dist/tex/latex/lipsum/lipsum.ltd.tex))
(/usr/share/texmf-dist/tex/latex/xifthen/xifthen.sty
Package: xifthen 2015/11/05 v1.4.0 Extended ifthen features

(/usr/share/texmf-dist/tex/latex/tools/calc.sty
Package: calc 2017/05/25 v4.3 Infix arithmetic (KKT,FJ)
\calc@Acount=\count279
\calc@Bcount=\count280
\calc@Adimen=\dimen141
\calc@Bdimen=\dimen142
\calc@Askip=\skip49
\calc@Bskip=\skip50
LaTeX Info: Redefining \setlength on input line 80.
LaTeX Info: Redefining \addtolength on input line 81.
\calc@Ccount=\count281
\calc@Cskip=\skip51
)
(/usr/share/texmf-dist/tex/latex/base/ifthen.sty
Package: ifthen 2020/11/24 v1.1c Standard LaTeX ifthen package (DPC)
)
(/usr/share/texmf-dist/tex/latex/ifmtarg/ifmtarg.sty
Package: ifmtarg 2018/04/16 v1.2b check for an empty argument
))
\c@NumFiles=\count282
 (./dataspec.aux)
\openout1 = `dataspec.aux'.

LaTeX Font Info:    Checking defaults for OML/cmm/m/it on input line 31.
LaTeX Font Info:    ... okay on input line 31.
LaTeX Font Info:    Checking defaults for OMS/cmsy/m/n on input line 31.
LaTeX Font Info:    ... okay on input line 31.
LaTeX Font Info:    Checking defaults for OT1/cmr/m/n on input line 31.
LaTeX Font Info:    ... okay on input line 31.
LaTeX Font Info:    Checking defaults for T1/cmr/m/n on input line 31.
LaTeX Font Info:    ... okay on input line 31.
LaTeX Font Info:    Checking defaults for TS1/cmr/m/n on input line 31.
LaTeX Font Info:    ... okay on input line 31.
LaTeX Font Info:    Checking defaults for OMX/cmex/m/n on input line 31.
LaTeX Font Info:    ... okay on input line 31.
LaTeX Font Info:    Checking defaults for U/cmr/m/n on input line 31.
LaTeX Font Info:    ... okay on input line 31.

(/usr/share/texmf-dist/tex/context/base/mkii/supp-pdf.mkii
[Loading MPS to PDF converter (version 2006.09.02).]
\scratchcounter=\count283
\scratchdimen=\dimen143
\scratchbox=\box51
\nofMPsegments=\count284
\nofMParguments=\count285
\everyMPshowfont=\toks17
\MPscratchCnt=\count286
\MPscratchDim=\dimen144
\MPnumerator=\count287
\makeMPintoPDFobject=\count288
\everyMPtoPDFconversion=\toks18
) (/usr/share/texmf-dist/tex/latex/epstopdf-pkg/epstopdf-base.sty
Package: epstopdf-base 2020-01-24 v2.11 Base part for package epstopdf
Package epstopdf-base Info: Redefining graphics rule for `.eps' on input line 4
85.

(/usr/share/texmf-dist/tex/latex/latexconfig/epstopdf-sys.cfg
File: epstopdf-sys.cfg 2010/07/13 v1.3 Configuration of (r)epstopdf for TeX Liv
e
))
LaTeX Font Info:    External font `cmex10' loaded for size
(Font)              <12> on input line 32.
LaTeX Font Info:    External font `cmex10' loaded for size
(Font)              <8> on input line 32.
LaTeX Font Info:    External font `cmex10' loaded for size
(Font)              <6> on input line 32.

"including graphics 0.png ..."
<histograms/0.png, id=1, 462.528pt x 346.896pt>
File: histograms/0.png Graphic file (type png)
<use histograms/0.png>
Package pdftex.def Info: histograms/0.png  used on input line 36.
(pdftex.def)             Requested size: 357.73405pt x 268.31229pt.
"including graphics 1.png ..."
<histograms/1.png, id=3, 462.528pt x 346.896pt>
File: histograms/1.png Graphic file (type png)
<use histograms/1.png>
Package pdftex.def Info: histograms/1.png  used on input line 36.
(pdftex.def)             Requested size: 357.73405pt x 268.31229pt.
"including graphics 2.png ..."
<histograms/2.png, id=4, 462.528pt x 346.896pt>
File: histograms/2.png Graphic file (type png)
<use histograms/2.png>
Package pdftex.def Info: histograms/2.png  used on input line 36.
(pdftex.def)             Requested size: 357.73405pt x 268.31229pt.
"including graphics 3.png ..."
<histograms/3.png, id=5, 462.528pt x 346.896pt>
File: histograms/3.png Graphic file (type png)
<use histograms/3.png>
Package pdftex.def Info: histograms/3.png  used on input line 36.
(pdftex.def)             Requested size: 357.73405pt x 268.31229pt.
"including graphics 4.png ..."
<histograms/4.png, id=6, 462.528pt x 346.896pt>
File: histograms/4.png Graphic file (type png)
<use histograms/4.png>
Package pdftex.def Info: histograms/4.png  used on input line 36.
(pdftex.def)             Requested size: 357.73405pt x 268.31229pt.
"including graphics 5.png ..."
<histograms/5.png, id=7, 462.528pt x 346.896pt>
File: histograms/5.png Graphic file (type png)
<use histograms/5.png>
Package pdftex.def Info: histograms/5.png  used on input line 36.
(pdftex.def)             Requested size: 357.73405pt x 268.31229pt.
"including graphics 6.png ..."
<histograms/6.png, id=8, 462.528pt x 346.896pt>
File: histograms/6.png Graphic file (type png)
<use histograms/6.png>
Package pdftex.def Info: histograms/6.png  used on input line 36.
(pdftex.def)             Requested size: 357.73405pt x 268.31229pt.
"including graphics 7.png ..."
<histograms/7.png, id=9, 462.528pt x 346.896pt>
File: histograms/7.png Graphic file (type png)
<use histograms/7.png>
Package pdftex.def Info: histograms/7.png  used on input line 36.
(pdftex.def)             Requested size: 357.73405pt x 268.31229pt.
"including graphics 8.png ..."
<histograms/8.png, id=10, 462.528pt x 346.896pt>
File: histograms/8.png Graphic file (type png)
<use histograms/8.png>
Package pdftex.def Info: histograms/8.png  used on input line 36.
(pdftex.def)             Requested size: 357.73405pt x 268.31229pt.
"including graphics 9.png ..."
<histograms/9.png, id=11, 462.528pt x 346.896pt>
File: histograms/9.png Graphic file (type png)
<use histograms/9.png>
Package pdftex.def Info: histograms/9.png  used on input line 36.
(pdftex.def)             Requested size: 357.73405pt x 268.31229pt.
"including graphics 10.png ..."
<histograms/10.png, id=12, 462.528pt x 346.896pt>
File: histograms/10.png Graphic file (type png)
<use histograms/10.png>
Package pdftex.def Info: histograms/10.png  used on input line 36.
(pdftex.def)             Requested size: 357.73405pt x 268.31229pt.
"including graphics 11.png ..."
<histograms/11.png, id=13, 462.528pt x 346.896pt>
File: histograms/11.png Graphic file (type png)
<use histograms/11.png>
Package pdftex.def Info: histograms/11.png  used on input line 36.
(pdftex.def)             Requested size: 357.73405pt x 268.31229pt.
"including graphics 12.png ..."
<histograms/12.png, id=14, 462.528pt x 346.896pt>
File: histograms/12.png Graphic file (type png)
<use histograms/12.png>
Package pdftex.def Info: histograms/12.png  used on input line 36.
(pdftex.def)             Requested size: 357.73405pt x 268.31229pt.
"including graphics 13.png ..."
<histograms/13.png, id=15, 462.528pt x 346.896pt>
File: histograms/13.png Graphic file (type png)
<use histograms/13.png>
Package pdftex.def Info: histograms/13.png  used on input line 36.
(pdftex.def)             Requested size: 357.73405pt x 268.31229pt.
"including graphics 14.png ..."
<histograms/14.png, id=16, 462.528pt x 346.896pt>
File: histograms/14.png Graphic file (type png)
<use histograms/14.png>
Package pdftex.def Info: histograms/14.png  used on input line 36.
(pdftex.def)             Requested size: 357.73405pt x 268.31229pt.
"including graphics 15.png ..."
<histograms/15.png, id=17, 462.528pt x 346.896pt>
File: histograms/15.png Graphic file (type png)
<use histograms/15.png>
Package pdftex.def Info: histograms/15.png  used on input line 36.
(pdftex.def)             Requested size: 357.73405pt x 268.31229pt.
"including graphics 16.png ..."
<histograms/16.png, id=18, 462.528pt x 346.896pt>
File: histograms/16.png Graphic file (type png)
<use histograms/16.png>
Package pdftex.def Info: histograms/16.png  used on input line 36.
(pdftex.def)             Requested size: 357.73405pt x 268.31229pt.
"including graphics 17.png ..."
<histograms/17.png, id=19, 462.528pt x 346.896pt>
File: histograms/17.png Graphic file (type png)
<use histograms/17.png>
Package pdftex.def Info: histograms/17.png  used on input line 36.
(pdftex.def)             Requested size: 357.73405pt x 268.31229pt.
"including graphics 18.png ..."
<histograms/18.png, id=20, 462.528pt x 346.896pt>
File: histograms/18.png Graphic file (type png)
<use histograms/18.png>
Package pdftex.def Info: histograms/18.png  used on input line 36.
(pdftex.def)             Requested size: 357.73405pt x 268.31229pt.
"including graphics 19.png ..."
<histograms/19.png, id=21, 462.528pt x 346.896pt>
File: histograms/19.png Graphic file (type png)
<use histograms/19.png>
Package pdftex.def Info: histograms/19.png  used on input line 36.
(pdftex.def)             Requested size: 357.73405pt x 268.31229pt.
"including graphics 20.png ..."
<histograms/20.png, id=22, 462.528pt x 346.896pt>
File: histograms/20.png Graphic file (type png)
<use histograms/20.png>
Package pdftex.def Info: histograms/20.png  used on input line 36.
(pdftex.def)             Requested size: 357.73405pt x 268.31229pt.

Underfull \hbox (badness 10000) in paragraph at lines 36--37

 []

[1

{/var/lib/texmf/fonts/map/pdftex/updmap/pdftex.map}]
Overfull \vbox (11.32732pt too high) has occurred while \output is active []


[2 <./histograms/0.png> <./histograms/1.png>] [3 <./histograms/2.png> <./histog
rams/3.png>] [4 <./histograms/4.png> <./histograms/5.png>] [5 <./histograms/6.p
ng> <./histograms/7.png>] [6 <./histograms/8.png> <./histograms/9.png>]
[7 <./histograms/10.png> <./histograms/11.png>] [8 <./histograms/12.png> <./his
tograms/13.png>] [9 <./histograms/14.png> <./histograms/15.png>] [10 <./histogr
ams/16.png> <./histograms/17.png>] [11 <./histograms/18.png> <./histograms/19.p
ng>]
"including graphics 0.png ..."
<boxplots/0.png, id=83, 462.528pt x 346.896pt>
File: boxplots/0.png Graphic file (type png)
<use boxplots/0.png>
Package pdftex.def Info: boxplots/0.png  used on input line 40.
(pdftex.def)             Requested size: 357.73405pt x 268.31229pt.
"including graphics 1.png ..."
<boxplots/1.png, id=84, 462.528pt x 346.896pt>
File: boxplots/1.png Graphic file (type png)
<use boxplots/1.png>
Package pdftex.def Info: boxplots/1.png  used on input line 40.
(pdftex.def)             Requested size: 357.73405pt x 268.31229pt.
"including graphics 2.png ..."
<boxplots/2.png, id=85, 462.528pt x 346.896pt>
File: boxplots/2.png Graphic file (type png)
<use boxplots/2.png>
Package pdftex.def Info: boxplots/2.png  used on input line 40.
(pdftex.def)             Requested size: 357.73405pt x 268.31229pt.
"including graphics 3.png ..."
<boxplots/3.png, id=86, 462.528pt x 346.896pt>
File: boxplots/3.png Graphic file (type png)
<use boxplots/3.png>
Package pdftex.def Info: boxplots/3.png  used on input line 40.
(pdftex.def)             Requested size: 357.73405pt x 268.31229pt.
"including graphics 4.png ..."
<boxplots/4.png, id=87, 462.528pt x 346.896pt>
File: boxplots/4.png Graphic file (type png)
<use boxplots/4.png>
Package pdftex.def Info: boxplots/4.png  used on input line 40.
(pdftex.def)             Requested size: 357.73405pt x 268.31229pt.
"including graphics 5.png ..."
<boxplots/5.png, id=88, 462.528pt x 346.896pt>
File: boxplots/5.png Graphic file (type png)
<use boxplots/5.png>
Package pdftex.def Info: boxplots/5.png  used on input line 40.
(pdftex.def)             Requested size: 357.73405pt x 268.31229pt.
"including graphics 6.png ..."
<boxplots/6.png, id=89, 462.528pt x 346.896pt>
File: boxplots/6.png Graphic file (type png)
<use boxplots/6.png>
Package pdftex.def Info: boxplots/6.png  used on input line 40.
(pdftex.def)             Requested size: 357.73405pt x 268.31229pt.
"including graphics 7.png ..."
<boxplots/7.png, id=90, 462.528pt x 346.896pt>
File: boxplots/7.png Graphic file (type png)
<use boxplots/7.png>
Package pdftex.def Info: boxplots/7.png  used on input line 40.
(pdftex.def)             Requested size: 357.73405pt x 268.31229pt.
"including graphics 8.png ..."
<boxplots/8.png, id=91, 462.528pt x 346.896pt>
File: boxplots/8.png Graphic file (type png)
<use boxplots/8.png>
Package pdftex.def Info: boxplots/8.png  used on input line 40.
(pdftex.def)             Requested size: 357.73405pt x 268.31229pt.
"including graphics 9.png ..."
<boxplots/9.png, id=92, 462.528pt x 346.896pt>
File: boxplots/9.png Graphic file (type png)
<use boxplots/9.png>
Package pdftex.def Info: boxplots/9.png  used on input line 40.
(pdftex.def)             Requested size: 357.73405pt x 268.31229pt.
"including graphics 10.png ..."
<boxplots/10.png, id=93, 462.528pt x 346.896pt>
File: boxplots/10.png Graphic file (type png)
<use boxplots/10.png>
Package pdftex.def Info: boxplots/10.png  used on input line 40.
(pdftex.def)             Requested size: 357.73405pt x 268.31229pt.
"including graphics 11.png ..."
<boxplots/11.png, id=94, 462.528pt x 346.896pt>
File: boxplots/11.png Graphic file (type png)
<use boxplots/11.png>
Package pdftex.def Info: boxplots/11.png  used on input line 40.
(pdftex.def)             Requested size: 357.73405pt x 268.31229pt.
"including graphics 12.png ..."
<boxplots/12.png, id=95, 462.528pt x 346.896pt>
File: boxplots/12.png Graphic file (type png)
<use boxplots/12.png>
Package pdftex.def Info: boxplots/12.png  used on input line 40.
(pdftex.def)             Requested size: 357.73405pt x 268.31229pt.
"including graphics 13.png ..."
<boxplots/13.png, id=96, 462.528pt x 346.896pt>
File: boxplots/13.png Graphic file (type png)
<use boxplots/13.png>
Package pdftex.def Info: boxplots/13.png  used on input line 40.
(pdftex.def)             Requested size: 357.73405pt x 268.31229pt.
"including graphics 14.png ..."
<boxplots/14.png, id=97, 462.528pt x 346.896pt>
File: boxplots/14.png Graphic file (type png)
<use boxplots/14.png>
Package pdftex.def Info: boxplots/14.png  used on input line 40.
(pdftex.def)             Requested size: 357.73405pt x 268.31229pt.
"including graphics 15.png ..."
<boxplots/15.png, id=98, 462.528pt x 346.896pt>
File: boxplots/15.png Graphic file (type png)
<use boxplots/15.png>
Package pdftex.def Info: boxplots/15.png  used on input line 40.
(pdftex.def)             Requested size: 357.73405pt x 268.31229pt.
"including graphics 16.png ..."
<boxplots/16.png, id=99, 462.528pt x 346.896pt>
File: boxplots/16.png Graphic file (type png)
<use boxplots/16.png>
Package pdftex.def Info: boxplots/16.png  used on input line 40.
(pdftex.def)             Requested size: 357.73405pt x 268.31229pt.
"including graphics 17.png ..."
<boxplots/17.png, id=100, 462.528pt x 346.896pt>
File: boxplots/17.png Graphic file (type png)
<use boxplots/17.png>
Package pdftex.def Info: boxplots/17.png  used on input line 40.
(pdftex.def)             Requested size: 357.73405pt x 268.31229pt.
"including graphics 18.png ..."
<boxplots/18.png, id=101, 462.528pt x 346.896pt>
File: boxplots/18.png Graphic file (type png)
<use boxplots/18.png>
Package pdftex.def Info: boxplots/18.png  used on input line 40.
(pdftex.def)             Requested size: 357.73405pt x 268.31229pt.
"including graphics 19.png ..."
<boxplots/19.png, id=102, 462.528pt x 346.896pt>
File: boxplots/19.png Graphic file (type png)
<use boxplots/19.png>
Package pdftex.def Info: boxplots/19.png  used on input line 40.
(pdftex.def)             Requested size: 357.73405pt x 268.31229pt.
"including graphics 20.png ..."
<boxplots/20.png, id=103, 462.528pt x 346.896pt>
File: boxplots/20.png Graphic file (type png)
<use boxplots/20.png>
Package pdftex.def Info: boxplots/20.png  used on input line 40.
(pdftex.def)             Requested size: 357.73405pt x 268.31229pt.

Underfull \hbox (badness 10000) in paragraph at lines 40--41

 []

[12 <./histograms/20.png>]
Overfull \vbox (11.32732pt too high) has occurred while \output is active []


[13 <./boxplots/0.png> <./boxplots/1.png>] [14 <./boxplots/2.png> <./boxplots/3
.png>] [15 <./boxplots/4.png> <./boxplots/5.png>] [16 <./boxplots/6.png> <./box
plots/7.png>] [17 <./boxplots/8.png> <./boxplots/9.png>] [18 <./boxplots/10.png
> <./boxplots/11.png>] [19 <./boxplots/12.png> <./boxplots/13.png>] [20 <./boxp
lots/14.png> <./boxplots/15.png>] [21 <./boxplots/16.png> <./boxplots/17.png>]
[22 <./boxplots/18.png> <./boxplots/19.png>]
<others/correlation_matrix.png, id=160, 1445.4pt x 1445.4pt>
File: others/correlation_matrix.png Graphic file (type png)
<use others/correlation_matrix.png>
Package pdftex.def Info: others/correlation_matrix.png  used on input line 44.
(pdftex.def)             Requested size: 556.47656pt x 556.4697pt.
 [23 <./boxplots/20.png>]
Overfull \vbox (27.37245pt too high) has occurred while \output is active []


[24 <./others/correlation_matrix.png>]
<others/feature_importance.png, id=169, 578.16pt x 578.16pt>
File: others/feature_importance.png Graphic file (type png)
<use others/feature_importance.png>
Package pdftex.def Info: others/feature_importance.png  used on input line 48.
(pdftex.def)             Requested size: 556.47656pt x 556.50056pt.

Overfull \vbox (30.20331pt too high) has occurred while \output is active []


[25 <./others/feature_importance.png>] (./dataspec.aux) ) 
Here is how much of TeX's memory you used:
 2568 strings out of 478353
 47616 string characters out of 5854635
 421920 words of memory out of 5000000
 20668 multiletter control sequences out of 15000+600000
 407070 words of font info for 39 fonts, out of 8000000 for 9000
 1141 hyphenation exceptions out of 8191
 68i,6n,77p,242b,199s stack positions out of 5000i,500n,10000p,200000b,80000s
</usr/share/texmf-dist
/fonts/type1/public/amsfonts/cm/cmbx12.pfb></usr/share/texmf-dist/fonts/type1/p
ublic/amsfonts/cm/cmr10.pfb></usr/share/texmf-dist/fonts/type1/public/amsfonts/
cm/cmr12.pfb></usr/share/texmf-dist/fonts/type1/public/amsfonts/cm/cmr17.pfb>
Output written on dataspec.pdf (25 pages, 665367 bytes).
PDF statistics:
 194 PDF objects out of 1000 (max. 8388607)
 70 compressed objects within 1 object stream
 0 named destinations out of 1000 (max. 500000)
 221 words of extra memory for PDF output out of 10000 (max. 10000000)

